0 info it worked if it ends with ok
1 verbose cli [ '/home/ubuntu/.nvm/versions/node/v4.5.0/bin/node',
1 verbose cli   '/home/ubuntu/.nvm/versions/node/v4.5.0/bin/npm',
1 verbose cli   'i',
1 verbose cli   'bootstrap-webpack',
1 verbose cli   '--save' ]
2 info using npm@2.15.9
3 info using node@v4.5.0
4 verbose install initial load of /home/ubuntu/workspace/package.json
5 warn package.json workspace@1.0.0 No description
6 warn package.json workspace@1.0.0 No README data
7 verbose installManyTop reading scoped package data from /home/ubuntu/workspace/node_modules/angular/package.json
8 verbose installManyTop reading scoped package data from /home/ubuntu/workspace/node_modules/angular-animate/package.json
9 verbose installManyTop reading scoped package data from /home/ubuntu/workspace/node_modules/angular-aria/package.json
10 verbose installManyTop reading scoped package data from /home/ubuntu/workspace/node_modules/angular-bootstrap/package.json
11 verbose installManyTop reading scoped package data from /home/ubuntu/workspace/node_modules/angular-moment/package.json
12 verbose installManyTop reading scoped package data from /home/ubuntu/workspace/node_modules/angular-ui-bootstrap/package.json
13 verbose installManyTop reading scoped package data from /home/ubuntu/workspace/node_modules/bootstrap/package.json
14 verbose installManyTop reading scoped package data from /home/ubuntu/workspace/node_modules/bootstrap-loader/package.json
15 verbose installManyTop reading scoped package data from /home/ubuntu/workspace/node_modules/bootstrap-webpack/package.json
16 verbose installManyTop reading scoped package data from /home/ubuntu/workspace/node_modules/css-loader/package.json
17 verbose installManyTop reading scoped package data from /home/ubuntu/workspace/node_modules/exports-loader/package.json
18 verbose installManyTop reading scoped package data from /home/ubuntu/workspace/node_modules/extract-text-webpack-plugin/package.json
19 verbose installManyTop reading scoped package data from /home/ubuntu/workspace/node_modules/file-loader/package.json
20 verbose installManyTop reading scoped package data from /home/ubuntu/workspace/node_modules/gulp/package.json
21 verbose installManyTop reading scoped package data from /home/ubuntu/workspace/node_modules/gulp-angular-templatecache/package.json
22 verbose installManyTop reading scoped package data from /home/ubuntu/workspace/node_modules/gulp-webpack/package.json
23 verbose installManyTop reading scoped package data from /home/ubuntu/workspace/node_modules/imports-loader/package.json
24 verbose installManyTop reading scoped package data from /home/ubuntu/workspace/node_modules/jquery/package.json
25 verbose installManyTop reading scoped package data from /home/ubuntu/workspace/node_modules/jquery-easing/package.json
26 verbose installManyTop reading scoped package data from /home/ubuntu/workspace/node_modules/jsrender/package.json
27 verbose installManyTop reading scoped package data from /home/ubuntu/workspace/node_modules/less/package.json
28 verbose installManyTop reading scoped package data from /home/ubuntu/workspace/node_modules/less-loader/package.json
29 verbose installManyTop reading scoped package data from /home/ubuntu/workspace/node_modules/moment/package.json
30 verbose installManyTop reading scoped package data from /home/ubuntu/workspace/node_modules/moment-range/package.json
31 verbose installManyTop reading scoped package data from /home/ubuntu/workspace/node_modules/node-sass/package.json
32 verbose installManyTop reading scoped package data from /home/ubuntu/workspace/node_modules/path/package.json
33 verbose installManyTop reading scoped package data from /home/ubuntu/workspace/node_modules/resolve-url-loader/package.json
34 verbose installManyTop reading scoped package data from /home/ubuntu/workspace/node_modules/sass-loader/package.json
35 verbose installManyTop reading scoped package data from /home/ubuntu/workspace/node_modules/style-loader/package.json
36 verbose installManyTop reading scoped package data from /home/ubuntu/workspace/node_modules/syncfusion-javascript/package.json
37 verbose installManyTop reading scoped package data from /home/ubuntu/workspace/node_modules/url-loader/package.json
38 verbose installManyTop reading scoped package data from /home/ubuntu/workspace/node_modules/webpack/package.json
39 info package.json exports-loader@0.6.3 No license field.
40 info package.json less-loader@2.2.3 No license field.
41 info package.json moment-range@2.2.0 license should be a valid SPDX license expression
42 info package.json path@0.12.7 path is also the name of a node core module.
43 info package.json bootstrap-webpack@0.0.5 No license field.
44 info package.json jquery-easing@0.0.1 license should be a valid SPDX license expression
45 verbose readDependencies loading dependencies from /home/ubuntu/workspace/package.json
46 verbose install bootstrap-webpack is installed as 0.0.5
47 silly cache add args [ 'bootstrap-webpack', null ]
48 verbose cache add spec bootstrap-webpack
49 silly cache add parsed spec Result {
49 silly cache add   raw: 'bootstrap-webpack',
49 silly cache add   scope: null,
49 silly cache add   name: 'bootstrap-webpack',
49 silly cache add   rawSpec: '',
49 silly cache add   spec: 'latest',
49 silly cache add   type: 'tag' }
50 silly addNamed bootstrap-webpack@latest
51 verbose addNamed "latest" is being treated as a dist-tag for bootstrap-webpack
52 info addNameTag [ 'bootstrap-webpack', 'latest' ]
53 silly mapToRegistry name bootstrap-webpack
54 silly mapToRegistry using default registry
55 silly mapToRegistry registry https://registry.npmjs.org/
56 silly mapToRegistry data Result {
56 silly mapToRegistry   raw: 'bootstrap-webpack',
56 silly mapToRegistry   scope: null,
56 silly mapToRegistry   name: 'bootstrap-webpack',
56 silly mapToRegistry   rawSpec: '',
56 silly mapToRegistry   spec: 'latest',
56 silly mapToRegistry   type: 'tag' }
57 silly mapToRegistry uri https://registry.npmjs.org/bootstrap-webpack
58 verbose addNameTag registry:https://registry.npmjs.org/bootstrap-webpack not in flight; fetching
59 verbose request uri https://registry.npmjs.org/bootstrap-webpack
60 verbose request no auth needed
61 info attempt registry request try #1 at 6:58:34 PM
62 verbose request id 407ae4c3ab4093f4
63 verbose etag "EOUBUWI1TP5NKVAA05NUQEG9H"
64 http request GET https://registry.npmjs.org/bootstrap-webpack
65 http 304 https://registry.npmjs.org/bootstrap-webpack
66 verbose headers { date: 'Sun, 30 Oct 2016 18:58:34 GMT',
66 verbose headers   via: '1.1 varnish',
66 verbose headers   'cache-control': 'max-age=300',
66 verbose headers   etag: '"EOUBUWI1TP5NKVAA05NUQEG9H"',
66 verbose headers   age: '14',
66 verbose headers   connection: 'keep-alive',
66 verbose headers   'x-served-by': 'cache-lhr6324-LHR',
66 verbose headers   'x-cache': 'HIT',
66 verbose headers   'x-cache-hits': '1',
66 verbose headers   'x-timer': 'S1477853914.534309,VS0,VE0',
66 verbose headers   vary: 'Accept-Encoding' }
67 silly get cb [ 304,
67 silly get   { date: 'Sun, 30 Oct 2016 18:58:34 GMT',
67 silly get     via: '1.1 varnish',
67 silly get     'cache-control': 'max-age=300',
67 silly get     etag: '"EOUBUWI1TP5NKVAA05NUQEG9H"',
67 silly get     age: '14',
67 silly get     connection: 'keep-alive',
67 silly get     'x-served-by': 'cache-lhr6324-LHR',
67 silly get     'x-cache': 'HIT',
67 silly get     'x-cache-hits': '1',
67 silly get     'x-timer': 'S1477853914.534309,VS0,VE0',
67 silly get     vary: 'Accept-Encoding' } ]
68 verbose etag https://registry.npmjs.org/bootstrap-webpack from cache
69 verbose get saving bootstrap-webpack to /home/ubuntu/.npm/registry.npmjs.org/bootstrap-webpack/.cache.json
70 verbose correctMkdir /home/ubuntu/.npm correctMkdir not in flight; initializing
71 silly addNameTag next cb for bootstrap-webpack with tag latest
72 silly addNamed bootstrap-webpack@0.0.5
73 verbose addNamed "0.0.5" is a plain semver version for bootstrap-webpack
74 silly cache afterAdd bootstrap-webpack@0.0.5
75 verbose afterAdd /home/ubuntu/.npm/bootstrap-webpack/0.0.5/package/package.json not in flight; writing
76 verbose correctMkdir /home/ubuntu/.npm correctMkdir not in flight; initializing
77 verbose afterAdd /home/ubuntu/.npm/bootstrap-webpack/0.0.5/package/package.json written
78 silly install resolved [ { name: 'bootstrap-webpack',
78 silly install resolved     description: 'bootstrap3 package for webpack',
78 silly install resolved     main: 'index.js',
78 silly install resolved     version: '0.0.5',
78 silly install resolved     loader: 'index.loader.js',
78 silly install resolved     keywords: [ 'bootstrap', 'webpack' ],
78 silly install resolved     author: { name: 'Scott Beck', url: '@bline' },
78 silly install resolved     bugs: { url: 'https://github.com/gowravshekar/bootstrap-webpack/issues' },
78 silly install resolved     repository:
78 silly install resolved      { type: 'git',
78 silly install resolved        url: 'git+https://github.com/gowravshekar/bootstrap-webpack.git' },
78 silly install resolved     peerDependencies:
78 silly install resolved      { bootstrap: '>=3.0.2',
78 silly install resolved        'css-loader': '>=0.6.3',
78 silly install resolved        'less-loader': '>=0.6.2',
78 silly install resolved        'style-loader': '>=0.6.0',
78 silly install resolved        'url-loader': '>=0.5.5',
78 silly install resolved        'file-loader': '>=0.8.1',
78 silly install resolved        'imports-loader': '>=0.6.3',
78 silly install resolved        'exports-loader': '>=0.6.2',
78 silly install resolved        'extract-text-webpack-plugin': '>=0.3.8' },
78 silly install resolved     gitHead: '31b3f2f4049c83683b590c6bd0725e214decd377',
78 silly install resolved     homepage: 'https://github.com/gowravshekar/bootstrap-webpack#readme',
78 silly install resolved     _id: 'bootstrap-webpack@0.0.5',
78 silly install resolved     scripts: {},
78 silly install resolved     _shasum: 'c843494022140b545b711b5cd272942b9da01766',
78 silly install resolved     _from: 'bootstrap-webpack@latest',
78 silly install resolved     _npmVersion: '2.10.1',
78 silly install resolved     _nodeVersion: '0.12.4',
78 silly install resolved     _npmUser: { name: 'gowravshekar', email: 'gowrav.shekar@googlemail.com' },
78 silly install resolved     dist:
78 silly install resolved      { shasum: 'c843494022140b545b711b5cd272942b9da01766',
78 silly install resolved        tarball: 'https://registry.npmjs.org/bootstrap-webpack/-/bootstrap-webpack-0.0.5.tgz' },
78 silly install resolved     maintainers: [ [Object] ],
78 silly install resolved     directories: {},
78 silly install resolved     _resolved: 'https://registry.npmjs.org/bootstrap-webpack/-/bootstrap-webpack-0.0.5.tgz',
78 silly install resolved     readme: 'ERROR: No README data found!' } ]
79 info install bootstrap-webpack@0.0.5 into /home/ubuntu/workspace
80 info installOne bootstrap-webpack@0.0.5
81 verbose installOne of bootstrap-webpack to /home/ubuntu/workspace not in flight; installing
82 verbose correctMkdir /home/ubuntu/.npm/_locks correctMkdir not in flight; initializing
83 verbose lock using /home/ubuntu/.npm/_locks/bootstrap-webpack-31826ac790a00290.lock for /home/ubuntu/workspace/node_modules/bootstrap-webpack
84 silly install write writing bootstrap-webpack 0.0.5 to /home/ubuntu/workspace/node_modules/bootstrap-webpack
85 verbose unbuild node_modules/bootstrap-webpack
86 info preuninstall bootstrap-webpack@0.0.5
87 info uninstall bootstrap-webpack@0.0.5
88 verbose unbuild rmStuff bootstrap-webpack@0.0.5 from /home/ubuntu/workspace/node_modules
89 info postuninstall bootstrap-webpack@0.0.5
90 silly gentlyRm /home/ubuntu/workspace/node_modules/bootstrap-webpack is being purged from base /home/ubuntu/workspace
91 verbose gentlyRm don't care about contents; nuking /home/ubuntu/workspace/node_modules/bootstrap-webpack
92 silly vacuum-fs purging /home/ubuntu/workspace/node_modules/bootstrap-webpack
93 silly vacuum-fs quitting because other entries in /home/ubuntu/workspace/node_modules
94 verbose tar unpack /home/ubuntu/.npm/bootstrap-webpack/0.0.5/package.tgz
95 verbose tar unpacking to /home/ubuntu/workspace/node_modules/bootstrap-webpack
96 silly gentlyRm /home/ubuntu/workspace/node_modules/bootstrap-webpack is being purged
97 verbose gentlyRm don't care about contents; nuking /home/ubuntu/workspace/node_modules/bootstrap-webpack
98 silly gunzTarPerm modes [ '755', '644' ]
99 silly gunzTarPerm extractEntry package.json
100 silly gunzTarPerm extractEntry .npmignore
101 silly gunzTarPerm extractEntry README.md
102 silly gunzTarPerm extractEntry LICENSE
103 silly gunzTarPerm extractEntry bootstrap-scripts.loader.js
104 silly gunzTarPerm extractEntry bootstrap-styles.loader.js
105 silly gunzTarPerm extractEntry bootstrap.config.js
106 silly gunzTarPerm extractEntry index.js
107 silly gunzTarPerm extractEntry index.loader.js
108 silly gunzTarPerm extractEntry bootstrap.config.less
109 verbose write writing to /home/ubuntu/workspace/node_modules/bootstrap-webpack/package.json
110 info preinstall bootstrap-webpack@0.0.5
111 verbose readDependencies loading dependencies from /home/ubuntu/workspace/node_modules/bootstrap-webpack/package.json
112 verbose readDependencies loading dependencies from /home/ubuntu/workspace/node_modules/bootstrap-webpack/package.json
113 silly install resolved []
114 verbose about to build /home/ubuntu/workspace/node_modules/bootstrap-webpack
115 info build /home/ubuntu/workspace/node_modules/bootstrap-webpack
116 info linkStuff bootstrap-webpack@0.0.5
117 silly linkStuff bootstrap-webpack@0.0.5 has /home/ubuntu/workspace/node_modules as its parent node_modules
118 verbose linkBins bootstrap-webpack@0.0.5
119 verbose linkMans bootstrap-webpack@0.0.5
120 verbose rebuildBundles bootstrap-webpack@0.0.5
121 info install bootstrap-webpack@0.0.5
122 info postinstall bootstrap-webpack@0.0.5
123 verbose unlock done using /home/ubuntu/.npm/_locks/bootstrap-webpack-31826ac790a00290.lock for /home/ubuntu/workspace/node_modules/bootstrap-webpack
124 verbose validateInstall loading /home/ubuntu/workspace/package.json for validation
125 verbose stack Error: The package webpack@1.13.3 does not satisfy its siblings' peerDependencies requirements!
125 verbose stack     at /home/ubuntu/.nvm/versions/node/v4.5.0/lib/node_modules/npm/lib/install.js:125:32
125 verbose stack     at /home/ubuntu/.nvm/versions/node/v4.5.0/lib/node_modules/npm/lib/install.js:268:7
125 verbose stack     at /home/ubuntu/.nvm/versions/node/v4.5.0/lib/node_modules/npm/node_modules/read-installed/read-installed.js:142:5
125 verbose stack     at /home/ubuntu/.nvm/versions/node/v4.5.0/lib/node_modules/npm/node_modules/read-installed/read-installed.js:263:14
125 verbose stack     at cb (/home/ubuntu/.nvm/versions/node/v4.5.0/lib/node_modules/npm/node_modules/slide/lib/async-map.js:47:24)
125 verbose stack     at /home/ubuntu/.nvm/versions/node/v4.5.0/lib/node_modules/npm/node_modules/read-installed/read-installed.js:263:14
125 verbose stack     at cb (/home/ubuntu/.nvm/versions/node/v4.5.0/lib/node_modules/npm/node_modules/slide/lib/async-map.js:47:24)
125 verbose stack     at /home/ubuntu/.nvm/versions/node/v4.5.0/lib/node_modules/npm/node_modules/read-installed/read-installed.js:263:14
125 verbose stack     at cb (/home/ubuntu/.nvm/versions/node/v4.5.0/lib/node_modules/npm/node_modules/slide/lib/async-map.js:47:24)
125 verbose stack     at /home/ubuntu/.nvm/versions/node/v4.5.0/lib/node_modules/npm/node_modules/read-installed/read-installed.js:263:14
126 verbose cwd /home/ubuntu/workspace
127 error Linux 4.2.0-c9
128 error argv "/home/ubuntu/.nvm/versions/node/v4.5.0/bin/node" "/home/ubuntu/.nvm/versions/node/v4.5.0/bin/npm" "i" "bootstrap-webpack" "--save"
129 error node v4.5.0
130 error npm  v2.15.9
131 error code EPEERINVALID
132 error peerinvalid The package webpack@1.13.3 does not satisfy its siblings' peerDependencies requirements!
132 error peerinvalid Peer extract-text-webpack-plugin@1.0.1 wants webpack@^1.9.11
132 error peerinvalid Peer sass-loader@4.0.2 wants webpack@^1.12.6 || ^2.1.0-beta
132 error peerinvalid Peer bootstrap-loader@2.0.0-beta.12 wants webpack@>=2.1.0-beta
133 verbose exit [ 1, true ]
