0 info it worked if it ends with ok
1 verbose cli [ '/home/ubuntu/.nvm/versions/node/v4.5.0/bin/node',
1 verbose cli   '/home/ubuntu/.nvm/versions/node/v4.5.0/bin/npm',
1 verbose cli   'install',
1 verbose cli   'bootstrap-sass',
1 verbose cli   '--save-dev' ]
2 info using npm@2.15.9
3 info using node@v4.5.0
4 verbose install initial load of /home/ubuntu/workspace/package.json
5 warn package.json workspace@1.0.0 No description
6 warn package.json workspace@1.0.0 No README data
7 verbose installManyTop reading scoped package data from /home/ubuntu/workspace/node_modules/angular/package.json
8 verbose installManyTop reading scoped package data from /home/ubuntu/workspace/node_modules/angular-animate/package.json
9 verbose installManyTop reading scoped package data from /home/ubuntu/workspace/node_modules/angular-aria/package.json
10 verbose installManyTop reading scoped package data from /home/ubuntu/workspace/node_modules/angular-bootstrap/package.json
11 verbose installManyTop reading scoped package data from /home/ubuntu/workspace/node_modules/angular-material/package.json
12 verbose installManyTop reading scoped package data from /home/ubuntu/workspace/node_modules/angular-moment/package.json
13 verbose installManyTop reading scoped package data from /home/ubuntu/workspace/node_modules/angular-ui-bootstrap/package.json
14 verbose installManyTop reading scoped package data from /home/ubuntu/workspace/node_modules/bootstrap/package.json
15 verbose installManyTop reading scoped package data from /home/ubuntu/workspace/node_modules/bootstrap-loader/package.json
16 verbose installManyTop reading scoped package data from /home/ubuntu/workspace/node_modules/bootstrap-webpack/package.json
17 verbose installManyTop reading scoped package data from /home/ubuntu/workspace/node_modules/bower/package.json
18 verbose installManyTop reading scoped package data from /home/ubuntu/workspace/node_modules/css-loader/package.json
19 verbose installManyTop reading scoped package data from /home/ubuntu/workspace/node_modules/exports-loader/package.json
20 verbose installManyTop reading scoped package data from /home/ubuntu/workspace/node_modules/extract-text-webpack-plugin/package.json
21 verbose installManyTop reading scoped package data from /home/ubuntu/workspace/node_modules/file-loader/package.json
22 verbose installManyTop reading scoped package data from /home/ubuntu/workspace/node_modules/font-awesome/package.json
23 verbose installManyTop reading scoped package data from /home/ubuntu/workspace/node_modules/font-awesome-webpack/package.json
24 verbose installManyTop reading scoped package data from /home/ubuntu/workspace/node_modules/gulp/package.json
25 verbose installManyTop reading scoped package data from /home/ubuntu/workspace/node_modules/gulp-angular-templatecache/package.json
26 verbose installManyTop reading scoped package data from /home/ubuntu/workspace/node_modules/gulp-webpack/package.json
27 verbose installManyTop reading scoped package data from /home/ubuntu/workspace/node_modules/imports-loader/package.json
28 verbose installManyTop reading scoped package data from /home/ubuntu/workspace/node_modules/jquery/package.json
29 verbose installManyTop reading scoped package data from /home/ubuntu/workspace/node_modules/jquery-easing/package.json
30 verbose installManyTop reading scoped package data from /home/ubuntu/workspace/node_modules/jsrender/package.json
31 verbose installManyTop reading scoped package data from /home/ubuntu/workspace/node_modules/less/package.json
32 verbose installManyTop reading scoped package data from /home/ubuntu/workspace/node_modules/less-loader/package.json
33 verbose installManyTop reading scoped package data from /home/ubuntu/workspace/node_modules/moment/package.json
34 verbose installManyTop reading scoped package data from /home/ubuntu/workspace/node_modules/moment-range/package.json
35 verbose installManyTop reading scoped package data from /home/ubuntu/workspace/node_modules/node-sass/package.json
36 verbose installManyTop reading scoped package data from /home/ubuntu/workspace/node_modules/path/package.json
37 verbose installManyTop reading scoped package data from /home/ubuntu/workspace/node_modules/resolve-url-loader/package.json
38 verbose installManyTop reading scoped package data from /home/ubuntu/workspace/node_modules/sass-loader/package.json
39 verbose installManyTop reading scoped package data from /home/ubuntu/workspace/node_modules/style-loader/package.json
40 verbose installManyTop reading scoped package data from /home/ubuntu/workspace/node_modules/syncfusion-javascript/package.json
41 verbose installManyTop reading scoped package data from /home/ubuntu/workspace/node_modules/url-loader/package.json
42 verbose installManyTop reading scoped package data from /home/ubuntu/workspace/node_modules/webpack/package.json
43 info package.json angular-material@1.1.1 No license field.
44 info package.json bootstrap-webpack@0.0.5 No license field.
45 info package.json exports-loader@0.6.3 No license field.
46 info package.json less-loader@2.2.3 No license field.
47 info package.json moment-range@2.2.0 license should be a valid SPDX license expression
48 info package.json path@0.12.7 path is also the name of a node core module.
49 info package.json jquery-easing@0.0.1 license should be a valid SPDX license expression
50 verbose readDependencies loading dependencies from /home/ubuntu/workspace/package.json
51 silly cache add args [ 'bootstrap-sass', null ]
52 verbose cache add spec bootstrap-sass
53 silly cache add parsed spec Result {
53 silly cache add   raw: 'bootstrap-sass',
53 silly cache add   scope: null,
53 silly cache add   name: 'bootstrap-sass',
53 silly cache add   rawSpec: '',
53 silly cache add   spec: 'latest',
53 silly cache add   type: 'tag' }
54 silly addNamed bootstrap-sass@latest
55 verbose addNamed "latest" is being treated as a dist-tag for bootstrap-sass
56 info addNameTag [ 'bootstrap-sass', 'latest' ]
57 silly mapToRegistry name bootstrap-sass
58 silly mapToRegistry using default registry
59 silly mapToRegistry registry https://registry.npmjs.org/
60 silly mapToRegistry data Result {
60 silly mapToRegistry   raw: 'bootstrap-sass',
60 silly mapToRegistry   scope: null,
60 silly mapToRegistry   name: 'bootstrap-sass',
60 silly mapToRegistry   rawSpec: '',
60 silly mapToRegistry   spec: 'latest',
60 silly mapToRegistry   type: 'tag' }
61 silly mapToRegistry uri https://registry.npmjs.org/bootstrap-sass
62 verbose addNameTag registry:https://registry.npmjs.org/bootstrap-sass not in flight; fetching
63 verbose request uri https://registry.npmjs.org/bootstrap-sass
64 verbose request no auth needed
65 info attempt registry request try #1 at 5:32:24 PM
66 verbose request id 48172120e89aa9a8
67 http request GET https://registry.npmjs.org/bootstrap-sass
68 http 200 https://registry.npmjs.org/bootstrap-sass
69 verbose headers { server: 'nginx/1.10.1',
69 verbose headers   'content-type': 'application/json',
69 verbose headers   'last-modified': 'Wed, 16 Nov 2016 08:43:48 GMT',
69 verbose headers   etag: 'W/"582c1c44-7082"',
69 verbose headers   'content-encoding': 'gzip',
69 verbose headers   'cache-control': 'max-age=300',
69 verbose headers   'content-length': '7430',
69 verbose headers   'accept-ranges': 'bytes',
69 verbose headers   date: 'Mon, 28 Nov 2016 17:32:24 GMT',
69 verbose headers   via: '1.1 varnish',
69 verbose headers   age: '238',
69 verbose headers   connection: 'keep-alive',
69 verbose headers   'x-served-by': 'cache-lhr6350-LHR',
69 verbose headers   'x-cache': 'HIT',
69 verbose headers   'x-cache-hits': '1',
69 verbose headers   'x-timer': 'S1480354344.458347,VS0,VE0',
69 verbose headers   vary: 'Accept-Encoding' }
70 silly get cb [ 200,
70 silly get   { server: 'nginx/1.10.1',
70 silly get     'content-type': 'application/json',
70 silly get     'last-modified': 'Wed, 16 Nov 2016 08:43:48 GMT',
70 silly get     etag: 'W/"582c1c44-7082"',
70 silly get     'content-encoding': 'gzip',
70 silly get     'cache-control': 'max-age=300',
70 silly get     'content-length': '7430',
70 silly get     'accept-ranges': 'bytes',
70 silly get     date: 'Mon, 28 Nov 2016 17:32:24 GMT',
70 silly get     via: '1.1 varnish',
70 silly get     age: '238',
70 silly get     connection: 'keep-alive',
70 silly get     'x-served-by': 'cache-lhr6350-LHR',
70 silly get     'x-cache': 'HIT',
70 silly get     'x-cache-hits': '1',
70 silly get     'x-timer': 'S1480354344.458347,VS0,VE0',
70 silly get     vary: 'Accept-Encoding' } ]
71 verbose get saving bootstrap-sass to /home/ubuntu/.npm/registry.npmjs.org/bootstrap-sass/.cache.json
72 verbose correctMkdir /home/ubuntu/.npm correctMkdir not in flight; initializing
73 silly addNameTag next cb for bootstrap-sass with tag latest
74 silly addNamed bootstrap-sass@3.3.7
75 verbose addNamed "3.3.7" is a plain semver version for bootstrap-sass
76 silly mapToRegistry name bootstrap-sass
77 silly mapToRegistry using default registry
78 silly mapToRegistry registry https://registry.npmjs.org/
79 silly mapToRegistry data Result {
79 silly mapToRegistry   raw: 'bootstrap-sass',
79 silly mapToRegistry   scope: null,
79 silly mapToRegistry   name: 'bootstrap-sass',
79 silly mapToRegistry   rawSpec: '',
79 silly mapToRegistry   spec: 'latest',
79 silly mapToRegistry   type: 'tag' }
80 silly mapToRegistry uri https://registry.npmjs.org/bootstrap-sass
81 verbose addRemoteTarball https://registry.npmjs.org/bootstrap-sass/-/bootstrap-sass-3.3.7.tgz not in flight; adding
82 verbose addRemoteTarball [ 'https://registry.npmjs.org/bootstrap-sass/-/bootstrap-sass-3.3.7.tgz',
82 verbose addRemoteTarball   '6596c7ab40f6637393323ab0bc80d064fc630498' ]
83 info retry fetch attempt 1 at 5:32:24 PM
84 info attempt registry request try #1 at 5:32:24 PM
85 http fetch GET https://registry.npmjs.org/bootstrap-sass/-/bootstrap-sass-3.3.7.tgz
86 http fetch 200 https://registry.npmjs.org/bootstrap-sass/-/bootstrap-sass-3.3.7.tgz
87 silly fetchAndShaCheck shasum 6596c7ab40f6637393323ab0bc80d064fc630498
88 verbose addTmpTarball /tmp/npm-11597-1f98caa5/registry.npmjs.org/bootstrap-sass/-/bootstrap-sass-3.3.7.tgz not in flight; adding
89 verbose addTmpTarball already have metadata; skipping unpack for bootstrap-sass@3.3.7
90 verbose correctMkdir /home/ubuntu/.npm correctMkdir not in flight; initializing
91 silly cache afterAdd bootstrap-sass@3.3.7
92 verbose afterAdd /home/ubuntu/.npm/bootstrap-sass/3.3.7/package/package.json not in flight; writing
93 verbose correctMkdir /home/ubuntu/.npm correctMkdir not in flight; initializing
94 verbose afterAdd /home/ubuntu/.npm/bootstrap-sass/3.3.7/package/package.json written
95 silly install resolved [ { name: 'bootstrap-sass',
95 silly install resolved     version: '3.3.7',
95 silly install resolved     description: 'bootstrap-sass is a Sass-powered version of Bootstrap 3, ready to drop right into your Sass powered applications.',
95 silly install resolved     main: 'assets/javascripts/bootstrap.js',
95 silly install resolved     style: 'assets/stylesheets/_bootstrap.scss',
95 silly install resolved     sass: 'assets/stylesheets/_bootstrap.scss',
95 silly install resolved     files:
95 silly install resolved      [ 'assets',
95 silly install resolved        'eyeglass-exports.js',
95 silly install resolved        'CHANGELOG.md',
95 silly install resolved        'LICENSE',
95 silly install resolved        'README.md' ],
95 silly install resolved     repository: { type: 'git', url: 'git://github.com/twbs/bootstrap-sass.git' },
95 silly install resolved     keywords: [ 'bootstrap', 'sass', 'css', 'eyeglass-module' ],
95 silly install resolved     contributors: [ [Object], [Object], [Object], [Object] ],
95 silly install resolved     license: 'MIT',
95 silly install resolved     bugs: { url: 'https://github.com/twbs/bootstrap-sass/issues' },
95 silly install resolved     devDependencies: { 'node-sass': '^3.8.0', mincer: '~1.4.0', ejs: '~2.4.2' },
95 silly install resolved     eyeglass: { exports: 'eyeglass-exports.js', needs: '^0.7.1' },
95 silly install resolved     gitHead: '5d6b2ebba0c2a5885ce2f0e01e9218db3d3b5e47',
95 silly install resolved     homepage: 'https://github.com/twbs/bootstrap-sass#readme',
95 silly install resolved     _id: 'bootstrap-sass@3.3.7',
95 silly install resolved     scripts: {},
95 silly install resolved     _shasum: '6596c7ab40f6637393323ab0bc80d064fc630498',
95 silly install resolved     _from: 'bootstrap-sass@latest',
95 silly install resolved     _npmVersion: '3.10.3',
95 silly install resolved     _nodeVersion: '6.3.1',
95 silly install resolved     _npmUser: { name: 'glebm', email: 'glex.spb@gmail.com' },
95 silly install resolved     maintainers: [ [Object], [Object] ],
95 silly install resolved     dist:
95 silly install resolved      { shasum: '6596c7ab40f6637393323ab0bc80d064fc630498',
95 silly install resolved        tarball: 'https://registry.npmjs.org/bootstrap-sass/-/bootstrap-sass-3.3.7.tgz' },
95 silly install resolved     _npmOperationalInternal:
95 silly install resolved      { host: 'packages-16-east.internal.npmjs.com',
95 silly install resolved        tmp: 'tmp/bootstrap-sass-3.3.7.tgz_1469481083038_0.9325655004940927' },
95 silly install resolved     directories: {},
95 silly install resolved     _resolved: 'https://registry.npmjs.org/bootstrap-sass/-/bootstrap-sass-3.3.7.tgz' } ]
96 info install bootstrap-sass@3.3.7 into /home/ubuntu/workspace
97 info installOne bootstrap-sass@3.3.7
98 verbose installOne of bootstrap-sass to /home/ubuntu/workspace not in flight; installing
99 verbose correctMkdir /home/ubuntu/.npm/_locks correctMkdir not in flight; initializing
100 verbose lock using /home/ubuntu/.npm/_locks/bootstrap-sass-50c181e63ae227a4.lock for /home/ubuntu/workspace/node_modules/bootstrap-sass
101 silly install write writing bootstrap-sass 3.3.7 to /home/ubuntu/workspace/node_modules/bootstrap-sass
102 verbose unbuild node_modules/bootstrap-sass
103 silly gentlyRm /home/ubuntu/workspace/node_modules/bootstrap-sass is being purged from base /home/ubuntu/workspace
104 verbose gentlyRm don't care about contents; nuking /home/ubuntu/workspace/node_modules/bootstrap-sass
105 verbose tar unpack /home/ubuntu/.npm/bootstrap-sass/3.3.7/package.tgz
106 verbose tar unpacking to /home/ubuntu/workspace/node_modules/bootstrap-sass
107 silly gentlyRm /home/ubuntu/workspace/node_modules/bootstrap-sass is being purged
108 verbose gentlyRm don't care about contents; nuking /home/ubuntu/workspace/node_modules/bootstrap-sass
109 silly gunzTarPerm modes [ '755', '644' ]
110 silly gunzTarPerm extractEntry package.json
111 silly gunzTarPerm extractEntry README.md
112 silly gunzTarPerm extractEntry LICENSE
113 silly gunzTarPerm extractEntry eyeglass-exports.js
114 silly gunzTarPerm extractEntry CHANGELOG.md
115 silly gunzTarPerm extractEntry assets/fonts/bootstrap/glyphicons-halflings-regular.eot
116 silly gunzTarPerm extractEntry assets/fonts/bootstrap/glyphicons-halflings-regular.svg
117 silly gunzTarPerm extractEntry assets/fonts/bootstrap/glyphicons-halflings-regular.ttf
118 silly gunzTarPerm extractEntry assets/fonts/bootstrap/glyphicons-halflings-regular.woff
119 silly gunzTarPerm extractEntry assets/fonts/bootstrap/glyphicons-halflings-regular.woff2
120 silly gunzTarPerm extractEntry assets/images/.keep
121 silly gunzTarPerm extractEntry assets/javascripts/bootstrap-sprockets.js
122 silly gunzTarPerm extractEntry assets/javascripts/bootstrap.js
123 silly gunzTarPerm extractEntry assets/javascripts/bootstrap.min.js
124 silly gunzTarPerm extractEntry assets/javascripts/bootstrap/affix.js
125 silly gunzTarPerm extractEntry assets/javascripts/bootstrap/button.js
126 silly gunzTarPerm extractEntry assets/javascripts/bootstrap/carousel.js
127 silly gunzTarPerm extractEntry assets/javascripts/bootstrap/collapse.js
128 silly gunzTarPerm extractEntry assets/javascripts/bootstrap/dropdown.js
129 silly gunzTarPerm extractEntry assets/javascripts/bootstrap/alert.js
130 silly gunzTarPerm extractEntry assets/javascripts/bootstrap/popover.js
131 silly gunzTarPerm extractEntry assets/javascripts/bootstrap/scrollspy.js
132 silly gunzTarPerm extractEntry assets/javascripts/bootstrap/tab.js
133 silly gunzTarPerm extractEntry assets/javascripts/bootstrap/tooltip.js
134 silly gunzTarPerm extractEntry assets/javascripts/bootstrap/transition.js
135 silly gunzTarPerm extractEntry assets/javascripts/bootstrap/modal.js
136 silly gunzTarPerm extractEntry assets/stylesheets/_bootstrap-compass.scss
137 silly gunzTarPerm extractEntry assets/stylesheets/_bootstrap-mincer.scss
138 silly gunzTarPerm extractEntry assets/stylesheets/_bootstrap-sprockets.scss
139 silly gunzTarPerm extractEntry assets/stylesheets/_bootstrap.scss
140 silly gunzTarPerm extractEntry assets/stylesheets/bootstrap/_navbar.scss
141 silly gunzTarPerm extractEntry assets/stylesheets/bootstrap/_alerts.scss
142 silly gunzTarPerm extractEntry assets/stylesheets/bootstrap/_breadcrumbs.scss
143 silly gunzTarPerm extractEntry assets/stylesheets/bootstrap/_button-groups.scss
144 silly gunzTarPerm extractEntry assets/stylesheets/bootstrap/_buttons.scss
145 silly gunzTarPerm extractEntry assets/stylesheets/bootstrap/_carousel.scss
146 silly gunzTarPerm extractEntry assets/stylesheets/bootstrap/_close.scss
147 silly gunzTarPerm extractEntry assets/stylesheets/bootstrap/_code.scss
148 silly gunzTarPerm extractEntry assets/stylesheets/bootstrap/_component-animations.scss
149 silly gunzTarPerm extractEntry assets/stylesheets/bootstrap/_dropdowns.scss
150 silly gunzTarPerm extractEntry assets/stylesheets/bootstrap/_forms.scss
151 silly gunzTarPerm extractEntry assets/stylesheets/bootstrap/_glyphicons.scss
152 silly gunzTarPerm extractEntry assets/stylesheets/bootstrap/_grid.scss
153 silly gunzTarPerm extractEntry assets/stylesheets/bootstrap/_input-groups.scss
154 silly gunzTarPerm extractEntry assets/stylesheets/bootstrap/_jumbotron.scss
155 silly gunzTarPerm extractEntry assets/stylesheets/bootstrap/_labels.scss
156 silly gunzTarPerm extractEntry assets/stylesheets/bootstrap/_list-group.scss
157 silly gunzTarPerm extractEntry assets/stylesheets/bootstrap/_media.scss
158 silly gunzTarPerm extractEntry assets/stylesheets/bootstrap/_mixins.scss
159 silly gunzTarPerm extractEntry assets/stylesheets/bootstrap/_modals.scss
160 silly gunzTarPerm extractEntry assets/stylesheets/bootstrap/_badges.scss
161 silly gunzTarPerm extractEntry assets/stylesheets/bootstrap/_navs.scss
162 silly gunzTarPerm extractEntry assets/stylesheets/bootstrap/_normalize.scss
163 silly gunzTarPerm extractEntry assets/stylesheets/bootstrap/_pager.scss
164 silly gunzTarPerm extractEntry assets/stylesheets/bootstrap/_pagination.scss
165 silly gunzTarPerm extractEntry assets/stylesheets/bootstrap/_panels.scss
166 silly gunzTarPerm extractEntry assets/stylesheets/bootstrap/_popovers.scss
167 silly gunzTarPerm extractEntry assets/stylesheets/bootstrap/_print.scss
168 silly gunzTarPerm extractEntry assets/stylesheets/bootstrap/_progress-bars.scss
169 silly gunzTarPerm extractEntry assets/stylesheets/bootstrap/_responsive-embed.scss
170 silly gunzTarPerm extractEntry assets/stylesheets/bootstrap/_responsive-utilities.scss
171 silly gunzTarPerm extractEntry assets/stylesheets/bootstrap/_scaffolding.scss
172 silly gunzTarPerm extractEntry assets/stylesheets/bootstrap/_tables.scss
173 silly gunzTarPerm extractEntry assets/stylesheets/bootstrap/_theme.scss
174 silly gunzTarPerm extractEntry assets/stylesheets/bootstrap/_thumbnails.scss
175 silly gunzTarPerm extractEntry assets/stylesheets/bootstrap/_tooltip.scss
176 silly gunzTarPerm extractEntry assets/stylesheets/bootstrap/_type.scss
177 silly gunzTarPerm extractEntry assets/stylesheets/bootstrap/_utilities.scss
178 silly gunzTarPerm extractEntry assets/stylesheets/bootstrap/_variables.scss
179 silly gunzTarPerm extractEntry assets/stylesheets/bootstrap/_wells.scss
180 silly gunzTarPerm extractEntry assets/stylesheets/bootstrap/mixins/_nav-vertical-align.scss
181 silly gunzTarPerm extractEntry assets/stylesheets/bootstrap/mixins/_alerts.scss
182 silly gunzTarPerm extractEntry assets/stylesheets/bootstrap/mixins/_border-radius.scss
183 silly gunzTarPerm extractEntry assets/stylesheets/bootstrap/mixins/_buttons.scss
184 silly gunzTarPerm extractEntry assets/stylesheets/bootstrap/mixins/_center-block.scss
185 silly gunzTarPerm extractEntry assets/stylesheets/bootstrap/mixins/_clearfix.scss
186 silly gunzTarPerm extractEntry assets/stylesheets/bootstrap/mixins/_forms.scss
187 silly gunzTarPerm extractEntry assets/stylesheets/bootstrap/mixins/_gradients.scss
188 silly gunzTarPerm extractEntry assets/stylesheets/bootstrap/mixins/_grid-framework.scss
189 silly gunzTarPerm extractEntry assets/stylesheets/bootstrap/mixins/_grid.scss
190 silly gunzTarPerm extractEntry assets/stylesheets/bootstrap/mixins/_hide-text.scss
191 silly gunzTarPerm extractEntry assets/stylesheets/bootstrap/mixins/_image.scss
192 silly gunzTarPerm extractEntry assets/stylesheets/bootstrap/mixins/_labels.scss
193 silly gunzTarPerm extractEntry assets/stylesheets/bootstrap/mixins/_list-group.scss
194 silly gunzTarPerm extractEntry assets/stylesheets/bootstrap/mixins/_nav-divider.scss
195 silly gunzTarPerm extractEntry assets/stylesheets/bootstrap/mixins/_background-variant.scss
196 silly gunzTarPerm extractEntry assets/stylesheets/bootstrap/mixins/_opacity.scss
197 silly gunzTarPerm extractEntry assets/stylesheets/bootstrap/mixins/_pagination.scss
198 silly gunzTarPerm extractEntry assets/stylesheets/bootstrap/mixins/_panels.scss
199 silly gunzTarPerm extractEntry assets/stylesheets/bootstrap/mixins/_progress-bar.scss
200 silly gunzTarPerm extractEntry assets/stylesheets/bootstrap/mixins/_reset-filter.scss
201 silly gunzTarPerm extractEntry assets/stylesheets/bootstrap/mixins/_reset-text.scss
202 silly gunzTarPerm extractEntry assets/stylesheets/bootstrap/mixins/_resize.scss
203 silly gunzTarPerm extractEntry assets/stylesheets/bootstrap/mixins/_responsive-visibility.scss
204 silly gunzTarPerm extractEntry assets/stylesheets/bootstrap/mixins/_size.scss
205 silly gunzTarPerm extractEntry assets/stylesheets/bootstrap/mixins/_tab-focus.scss
206 silly gunzTarPerm extractEntry assets/stylesheets/bootstrap/mixins/_table-row.scss
207 silly gunzTarPerm extractEntry assets/stylesheets/bootstrap/mixins/_text-emphasis.scss
208 silly gunzTarPerm extractEntry assets/stylesheets/bootstrap/mixins/_text-overflow.scss
209 silly gunzTarPerm extractEntry assets/stylesheets/bootstrap/mixins/_vendor-prefixes.scss
210 verbose write writing to /home/ubuntu/workspace/node_modules/bootstrap-sass/package.json
211 info preinstall bootstrap-sass@3.3.7
212 verbose readDependencies loading dependencies from /home/ubuntu/workspace/node_modules/bootstrap-sass/package.json
213 verbose readDependencies loading dependencies from /home/ubuntu/workspace/node_modules/bootstrap-sass/package.json
214 silly install resolved []
215 verbose about to build /home/ubuntu/workspace/node_modules/bootstrap-sass
216 info build /home/ubuntu/workspace/node_modules/bootstrap-sass
217 info linkStuff bootstrap-sass@3.3.7
218 silly linkStuff bootstrap-sass@3.3.7 has /home/ubuntu/workspace/node_modules as its parent node_modules
219 verbose linkBins bootstrap-sass@3.3.7
220 verbose linkMans bootstrap-sass@3.3.7
221 verbose rebuildBundles bootstrap-sass@3.3.7
222 info install bootstrap-sass@3.3.7
223 info postinstall bootstrap-sass@3.3.7
224 verbose unlock done using /home/ubuntu/.npm/_locks/bootstrap-sass-50c181e63ae227a4.lock for /home/ubuntu/workspace/node_modules/bootstrap-sass
225 verbose validateInstall loading /home/ubuntu/workspace/package.json for validation
226 verbose stack Error: The package webpack@1.13.3 does not satisfy its siblings' peerDependencies requirements!
226 verbose stack     at /home/ubuntu/.nvm/versions/node/v4.5.0/lib/node_modules/npm/lib/install.js:125:32
226 verbose stack     at /home/ubuntu/.nvm/versions/node/v4.5.0/lib/node_modules/npm/lib/install.js:268:7
226 verbose stack     at /home/ubuntu/.nvm/versions/node/v4.5.0/lib/node_modules/npm/node_modules/read-installed/read-installed.js:142:5
226 verbose stack     at /home/ubuntu/.nvm/versions/node/v4.5.0/lib/node_modules/npm/node_modules/read-installed/read-installed.js:263:14
226 verbose stack     at cb (/home/ubuntu/.nvm/versions/node/v4.5.0/lib/node_modules/npm/node_modules/slide/lib/async-map.js:47:24)
226 verbose stack     at /home/ubuntu/.nvm/versions/node/v4.5.0/lib/node_modules/npm/node_modules/read-installed/read-installed.js:263:14
226 verbose stack     at cb (/home/ubuntu/.nvm/versions/node/v4.5.0/lib/node_modules/npm/node_modules/slide/lib/async-map.js:47:24)
226 verbose stack     at /home/ubuntu/.nvm/versions/node/v4.5.0/lib/node_modules/npm/node_modules/read-installed/read-installed.js:263:14
226 verbose stack     at cb (/home/ubuntu/.nvm/versions/node/v4.5.0/lib/node_modules/npm/node_modules/slide/lib/async-map.js:47:24)
226 verbose stack     at /home/ubuntu/.nvm/versions/node/v4.5.0/lib/node_modules/npm/node_modules/read-installed/read-installed.js:263:14
227 verbose cwd /home/ubuntu/workspace/src
228 error Linux 4.2.0-c9
229 error argv "/home/ubuntu/.nvm/versions/node/v4.5.0/bin/node" "/home/ubuntu/.nvm/versions/node/v4.5.0/bin/npm" "install" "bootstrap-sass" "--save-dev"
230 error node v4.5.0
231 error npm  v2.15.9
232 error code EPEERINVALID
233 error peerinvalid The package webpack@1.13.3 does not satisfy its siblings' peerDependencies requirements!
233 error peerinvalid Peer sass-loader@4.0.2 wants webpack@^1.12.6 || ^2.1.0-beta
233 error peerinvalid Peer extract-text-webpack-plugin@1.0.1 wants webpack@^1.9.11
233 error peerinvalid Peer bootstrap-loader@2.0.0-beta.12 wants webpack@>=2.1.0-beta
234 verbose exit [ 1, true ]
